<?xml version="1.0" encoding="UTF-8"?>
<!-- Generated by org.testng.reporters.JUnitReportReporter -->
<testsuite skipped="0" hostname="DESKTOP-66SGQGC" name="com.sdet.restassured.bdd.Demo3_PUT_Request" tests="1" failures="0" timestamp="31 Mar 2020 02:39:05 GMT" time="5.219" errors="0">
  <testcase name="testPut" time="5.219" classname="com.sdet.restassured.bdd.Demo3_PUT_Request"/>
</testsuite> <!-- com.sdet.restassured.bdd.Demo3_PUT_Request -->
