<?xml version="1.0" encoding="UTF-8"?>
<!-- Generated by org.testng.reporters.JUnitReportReporter -->
<testsuite skipped="0" hostname="DESKTOP-66SGQGC" name="com.sdet.TC002_POST_Request_RegCustomerAPI" tests="1" failures="0" timestamp="31 Mar 2020 02:10:12 GMT" time="6.510" errors="0">
  <testcase name="Registrationsuccessfull" time="6.510" classname="com.sdet.TC002_POST_Request_RegCustomerAPI"/>
</testsuite> <!-- com.sdet.TC002_POST_Request_RegCustomerAPI -->
