<?xml version="1.0" encoding="UTF-8"?>
<!-- Generated by org.testng.reporters.JUnitReportReporter -->
<testsuite skipped="0" hostname="DESKTOP-66SGQGC" name="com.sdet.RequestAuthentication" tests="1" failures="0" timestamp="22 Mar 2020 19:52:41 GMT" time="4.901" errors="0">
  <testcase name="AuthenticationBasics" time="4.901" classname="com.sdet.RequestAuthentication"/>
</testsuite> <!-- com.sdet.RequestAuthentication -->
