<?xml version="1.0" encoding="UTF-8"?>
<!-- Generated by org.testng.reporters.JUnitReportReporter -->
<testsuite skipped="0" hostname="DESKTOP-66SGQGC" name="com.raghav.Tests_Posts" tests="1" failures="0" timestamp="18 Mar 2020 06:04:59 GMT" time="4.405" errors="0">
  <testcase name="test_04_Delete" time="4.405" classname="com.raghav.Tests_Posts"/>
</testsuite> <!-- com.raghav.Tests_Posts -->
