<?xml version="1.0" encoding="UTF-8"?>
<!-- Generated by org.testng.reporters.JUnitReportReporter -->
<testsuite skipped="0" hostname="DESKTOP-66SGQGC" name="com.sdet.restassured.bdd.Demo1_Get_Request" tests="1" failures="0" timestamp="31 Mar 2020 01:44:58 GMT" time="6.806" errors="0">
  <testcase name="getWeatherDetails" time="6.806" classname="com.sdet.restassured.bdd.Demo1_Get_Request"/>
</testsuite> <!-- com.sdet.restassured.bdd.Demo1_Get_Request -->
