<?xml version="1.0" encoding="UTF-8"?>
<!-- Generated by org.testng.reporters.JUnitReportReporter -->
<testsuite skipped="0" hostname="DESKTOP-66SGQGC" name="com.sdet.TC001_GET_Request_WeatherAPI" tests="1" failures="0" timestamp="22 Mar 2020 19:34:57 GMT" time="5.829" errors="0">
  <testcase name="getweatherDetails" time="5.829" classname="com.sdet.TC001_GET_Request_WeatherAPI"/>
</testsuite> <!-- com.sdet.TC001_GET_Request_WeatherAPI -->
