<?xml version="1.0" encoding="UTF-8"?>
<!-- Generated by org.testng.reporters.JUnitReportReporter -->
<testsuite skipped="0" hostname="DESKTOP-66SGQGC" name="com.restassured.Test1_BasicFeatures" tests="1" failures="0" timestamp="17 Mar 2020 16:59:16 GMT" time="3.647" errors="0">
  <testcase name="testStatusCode" time="3.647" classname="com.restassured.Test1_BasicFeatures"/>
</testsuite> <!-- com.restassured.Test1_BasicFeatures -->
