<?xml version="1.0" encoding="UTF-8"?>
<!-- Generated by org.testng.reporters.JUnitReportReporter -->
<testsuite skipped="0" hostname="DESKTOP-66SGQGC" name="com.sdet.TC001_GET_Request" tests="1" failures="0" timestamp="22 Mar 2020 12:32:14 GMT" time="4.923" errors="0">
  <testcase name="getweatherDetails" time="4.923" classname="com.sdet.TC001_GET_Request"/>
</testsuite> <!-- com.sdet.TC001_GET_Request -->
