<?xml version="1.0" encoding="UTF-8"?>
<!-- Generated by org.testng.reporters.JUnitReportReporter -->
<testsuite skipped="0" hostname="DESKTOP-66SGQGC" name="com.sdet.datadriventesting.DataDrivenAddNewEmp" tests="3" failures="0" timestamp="23 Mar 2020 05:51:46 GMT" time="6.622" errors="0">
  <testcase name="postNewEmployees" time="4.930" classname="com.sdet.datadriventesting.DataDrivenAddNewEmp"/>
  <testcase name="postNewEmployees" time="0.845" classname="com.sdet.datadriventesting.DataDrivenAddNewEmp"/>
  <testcase name="postNewEmployees" time="0.847" classname="com.sdet.datadriventesting.DataDrivenAddNewEmp"/>
</testsuite> <!-- com.sdet.datadriventesting.DataDrivenAddNewEmp -->
