<?xml version="1.0" encoding="UTF-8"?>
<!-- Generated by org.testng.reporters.JUnitReportReporter -->
<testsuite skipped="0" hostname="DESKTOP-66SGQGC" name="com.raghav.Tests_GET" tests="1" failures="0" timestamp="18 Mar 2020 05:28:55 GMT" time="19.280" errors="0">
  <testcase name="test_1" time="19.280" classname="com.raghav.Tests_GET"/>
</testsuite> <!-- com.raghav.Tests_GET -->
